2026.05.25 06:33:52 INFO  Started: Metals version 1.6.7 in folders 'C:\Users\Nico\Documents\Programacion\Backend\B-H-Veterinary-System' for client Visual Studio Code 1.121.0.
2026.05.25 06:33:52 INFO  Memory monitor started
2026.05.25 06:33:52 WARN  Using H2 2.4.240 which is newer than the version Flyway has been verified with. The latest verified version of H2 is 2.3.232.
2026.05.25 06:33:53 WARN  Using H2 2.4.240 which is newer than the version Flyway has been verified with. The latest verified version of H2 is 2.3.232.
2026.05.25 06:33:54 WARN  no build target for: C:\Users\Nico\Desktop\bh-audit\bh-audit\src\main\java\com\bh\audit\BhAuditApplication.java
2026.05.25 06:33:53 INFO  no build target found for C:\Users\Nico\Desktop\bh-audit\bh-audit\src\main\java\com\bh\audit\BhAuditApplication.java. Using fallback presentation compiler.
may. 25, 2026 6:33:55 A.ĀM. org.eclipse.lsp4j.jsonrpc.RemoteEndpoint handleCancellation
ADVERTENCIA: Unmatched cancel notification for request id 2
2026.05.25 06:33:55 INFO  no build target found for C:\Users\Nico\Desktop\bh-audit\bh-audit\src\main\java\com\bh\audit\BhAuditApplication.java. Using fallback presentation compiler.
may. 25, 2026 6:33:55 A.ĀM. org.eclipse.lsp4j.jsonrpc.RemoteEndpoint handleCancellation
ADVERTENCIA: Unmatched cancel notification for request id 4
may. 25, 2026 6:33:55 A.ĀM. org.eclipse.lsp4j.jsonrpc.RemoteEndpoint handleCancellation
ADVERTENCIA: Unmatched cancel notification for request id 1
2026.05.25 06:33:55 INFO  no build target found for C:\Users\Nico\Desktop\bh-audit\bh-audit\src\main\java\com\bh\audit\BhAuditApplication.java. Using fallback presentation compiler.
2026.05.25 06:33:55 INFO  no build target found for C:\Users\Nico\Documents\Programacion\Backend\B-H-Veterinary-System\bh-audit\src\main\java\com\bh\audit\BhAuditApplication.java. Using fallback presentation compiler.
2026.05.25 06:33:55 INFO  no build target found for C:\Users\Nico\Documents\Programacion\Backend\B-H-Veterinary-System\bh-audit\src\main\java\com\bh\audit\BhAuditApplication.java. Using fallback presentation compiler.
may. 25, 2026 6:33:55 A.ĀM. org.eclipse.lsp4j.jsonrpc.RemoteEndpoint handleCancellation
ADVERTENCIA: Unmatched cancel notification for request id 7
2026.05.25 06:33:55 INFO  no build target found for C:\Users\Nico\Documents\Programacion\Backend\B-H-Veterinary-System\bh-audit\src\main\java\com\bh\audit\BhAuditApplication.java. Using fallback presentation compiler.
may. 25, 2026 6:33:56 A.ĀM. org.eclipse.lsp4j.jsonrpc.RemoteEndpoint handleCancellation
ADVERTENCIA: Unmatched cancel notification for request id 10
may. 25, 2026 6:33:56 A.ĀM. org.eclipse.lsp4j.jsonrpc.RemoteEndpoint handleCancellation
ADVERTENCIA: Unmatched cancel notification for request id 11
may. 25, 2026 6:33:56 A.ĀM. org.eclipse.lsp4j.jsonrpc.RemoteEndpoint handleCancellation
ADVERTENCIA: Unmatched cancel notification for request id 9
may. 25, 2026 6:33:56 A.ĀM. org.eclipse.lsp4j.jsonrpc.RemoteEndpoint handleCancellation
ADVERTENCIA: Unmatched cancel notification for request id 8
2026.05.25 06:34:20 INFO  Shutting down server
2026.05.25 06:34:20 INFO  Memory monitor stopped
2026.05.25 06:34:20 INFO  shutting down Metals
2026.05.25 06:34:20 INFO  Exiting server
